<?xml version="1.0" encoding="UTF-8" ?>
<testsuite tests="6" failures="2" name="TestSuite" time="75.719" errors="0" skipped="0">
  <properties>
[...]
</properties>
  <testcase classname="com.lighthouse.MavenTest.HomePageTest" name="verifyHomeTest" time="0.343"/>
  <testcase classname="com.lighthouse.MavenTest.LoginTest" name="loginPageTest" time="2.838"/>
  <testcase classname="com.lighthouse.MavenTest.LoginTest" name="testSuccesfulLogOut" time="31.031">
    <failure message="Unable to locate element: .//*[@id=&apos;container&apos;]/div[1]/div[1]/div[2]/div/p/a
For documentation on this error, please visit: http://seleniumhq.org/exceptions/no_such_element.html
Build info: version: &apos;3.4.0&apos;, revision: &apos;unknown&apos;, time: &apos;unknown&apos;
System info: host: &apos;DESKTOP-2S9LPQL&apos;, ip: &apos;192.168.1.66&apos;, os.name: &apos;Windows 10&apos;, os.arch: &apos;amd64&apos;, os.version: &apos;10.0&apos;, java.version: &apos;1.8.0_131&apos;
Driver info: org.openqa.selenium.firefox.FirefoxDriver
Capabilities [{moz:profile=C:\Users\DOLLYS~1\AppData\Local\Temp\rust_mozprofile.Tg5UWkgTv6e0, rotatable=false, timeouts={implicit=0.0, pageLoad=300000.0, script=30000.0}, pageLoadStrategy=normal, platform=ANY, specificationLevel=0.0, moz:accessibilityChecks=false, acceptInsecureCerts=true, browserVersion=53.0.3, platformVersion=10.0, moz:processID=13268.0, browserName=firefox, javascriptEnabled=true, platformName=windows_nt}]
Session ID: c4f79801-74d7-4c94-94b9-14b42bd01928
*** Element info: {Using=xpath, value=.//*[@id=&apos;container&apos;]/div[1]/div[1]/div[2]/div/p/a}" type="org.openqa.selenium.NoSuchElementException">org.openqa.selenium.NoSuchElementException: Unable to locate element: .//*[@id=&apos;container&apos;]/div[1]/div[1]/div[2]/div/p/a
For documentation on this error, please visit: http://seleniumhq.org/exceptions/no_such_element.html
Build info: version: &apos;3.4.0&apos;, revision: &apos;unknown&apos;, time: &apos;unknown&apos;
System info: host: &apos;DESKTOP-2S9LPQL&apos;, ip: &apos;192.168.1.66&apos;, os.name: &apos;Windows 10&apos;, os.arch: &apos;amd64&apos;, os.version: &apos;10.0&apos;, java.version: &apos;1.8.0_131&apos;
Driver info: org.openqa.selenium.firefox.FirefoxDriver
Capabilities [{moz:profile=C:\Users\DOLLYS~1\AppData\Local\Temp\rust_mozprofile.Tg5UWkgTv6e0, rotatable=false, timeouts={implicit=0.0, pageLoad=300000.0, script=30000.0}, pageLoadStrategy=normal, platform=ANY, specificationLevel=0.0, moz:accessibilityChecks=false, acceptInsecureCerts=true, browserVersion=53.0.3, platformVersion=10.0, moz:processID=13268.0, browserName=firefox, javascriptEnabled=true, platformName=windows_nt}]
Session ID: c4f79801-74d7-4c94-94b9-14b42bd01928
*** Element info: {Using=xpath, value=.//*[@id=&apos;container&apos;]/div[1]/div[1]/div[2]/div/p/a}
	at sun.reflect.NativeConstructorAccessorImpl.newInstance0(Native Method)
	at sun.reflect.NativeConstructorAccessorImpl.newInstance(Unknown Source)
	at sun.reflect.DelegatingConstructorAccessorImpl.newInstance(Unknown Source)
	at java.lang.reflect.Constructor.newInstance(Unknown Source)
	at org.openqa.selenium.remote.http.W3CHttpResponseCodec.createException(W3CHttpResponseCodec.java:150)
	at org.openqa.selenium.remote.http.W3CHttpResponseCodec.decode(W3CHttpResponseCodec.java:115)
	at org.openqa.selenium.remote.http.W3CHttpResponseCodec.decode(W3CHttpResponseCodec.java:45)
	at org.openqa.selenium.remote.HttpCommandExecutor.execute(HttpCommandExecutor.java:164)
	at org.openqa.selenium.remote.service.DriverCommandExecutor.execute(DriverCommandExecutor.java:82)
	at org.openqa.selenium.remote.RemoteWebDriver.execute(RemoteWebDriver.java:637)
	at org.openqa.selenium.remote.RemoteWebDriver.findElement(RemoteWebDriver.java:410)
	at org.openqa.selenium.remote.RemoteWebDriver.findElementByXPath(RemoteWebDriver.java:509)
	at org.openqa.selenium.By$ByXPath.findElement(By.java:361)
	at org.openqa.selenium.remote.RemoteWebDriver.findElement(RemoteWebDriver.java:402)
	at com.lighthouse.MavenTest.MyAccountPage.clickLogout(MyAccountPage.java:25)
	at com.lighthouse.MavenTest.LoginTest.testSuccesfulLogOut(LoginTest.java:26)
</failure>
  </testcase>
  <testcase classname="com.lighthouse.MavenTest.LoginTest" name="testSuccesfulLogin" time="31.349">
    <failure message="Unable to locate element: .//*[@id=&apos;container&apos;]/div[1]/div[1]/div[2]/div/p
For documentation on this error, please visit: http://seleniumhq.org/exceptions/no_such_element.html
Build info: version: &apos;3.4.0&apos;, revision: &apos;unknown&apos;, time: &apos;unknown&apos;
System info: host: &apos;DESKTOP-2S9LPQL&apos;, ip: &apos;192.168.1.66&apos;, os.name: &apos;Windows 10&apos;, os.arch: &apos;amd64&apos;, os.version: &apos;10.0&apos;, java.version: &apos;1.8.0_131&apos;
Driver info: org.openqa.selenium.firefox.FirefoxDriver
Capabilities [{moz:profile=C:\Users\DOLLYS~1\AppData\Local\Temp\rust_mozprofile.Tg5UWkgTv6e0, rotatable=false, timeouts={implicit=0.0, pageLoad=300000.0, script=30000.0}, pageLoadStrategy=normal, platform=ANY, specificationLevel=0.0, moz:accessibilityChecks=false, acceptInsecureCerts=true, browserVersion=53.0.3, platformVersion=10.0, moz:processID=13268.0, browserName=firefox, javascriptEnabled=true, platformName=windows_nt}]
Session ID: c4f79801-74d7-4c94-94b9-14b42bd01928
*** Element info: {Using=xpath, value=.//*[@id=&apos;container&apos;]/div[1]/div[1]/div[2]/div/p}" type="org.openqa.selenium.NoSuchElementException">org.openqa.selenium.NoSuchElementException: Unable to locate element: .//*[@id=&apos;container&apos;]/div[1]/div[1]/div[2]/div/p
For documentation on this error, please visit: http://seleniumhq.org/exceptions/no_such_element.html
Build info: version: &apos;3.4.0&apos;, revision: &apos;unknown&apos;, time: &apos;unknown&apos;
System info: host: &apos;DESKTOP-2S9LPQL&apos;, ip: &apos;192.168.1.66&apos;, os.name: &apos;Windows 10&apos;, os.arch: &apos;amd64&apos;, os.version: &apos;10.0&apos;, java.version: &apos;1.8.0_131&apos;
Driver info: org.openqa.selenium.firefox.FirefoxDriver
Capabilities [{moz:profile=C:\Users\DOLLYS~1\AppData\Local\Temp\rust_mozprofile.Tg5UWkgTv6e0, rotatable=false, timeouts={implicit=0.0, pageLoad=300000.0, script=30000.0}, pageLoadStrategy=normal, platform=ANY, specificationLevel=0.0, moz:accessibilityChecks=false, acceptInsecureCerts=true, browserVersion=53.0.3, platformVersion=10.0, moz:processID=13268.0, browserName=firefox, javascriptEnabled=true, platformName=windows_nt}]
Session ID: c4f79801-74d7-4c94-94b9-14b42bd01928
*** Element info: {Using=xpath, value=.//*[@id=&apos;container&apos;]/div[1]/div[1]/div[2]/div/p}
	at sun.reflect.NativeConstructorAccessorImpl.newInstance0(Native Method)
	at sun.reflect.NativeConstructorAccessorImpl.newInstance(Unknown Source)
	at sun.reflect.DelegatingConstructorAccessorImpl.newInstance(Unknown Source)
	at java.lang.reflect.Constructor.newInstance(Unknown Source)
	at org.openqa.selenium.remote.http.W3CHttpResponseCodec.createException(W3CHttpResponseCodec.java:150)
	at org.openqa.selenium.remote.http.W3CHttpResponseCodec.decode(W3CHttpResponseCodec.java:115)
	at org.openqa.selenium.remote.http.W3CHttpResponseCodec.decode(W3CHttpResponseCodec.java:45)
	at org.openqa.selenium.remote.HttpCommandExecutor.execute(HttpCommandExecutor.java:164)
	at org.openqa.selenium.remote.service.DriverCommandExecutor.execute(DriverCommandExecutor.java:82)
	at org.openqa.selenium.remote.RemoteWebDriver.execute(RemoteWebDriver.java:637)
	at org.openqa.selenium.remote.RemoteWebDriver.findElement(RemoteWebDriver.java:410)
	at org.openqa.selenium.remote.RemoteWebDriver.findElementByXPath(RemoteWebDriver.java:509)
	at org.openqa.selenium.By$ByXPath.findElement(By.java:361)
	at org.openqa.selenium.remote.RemoteWebDriver.findElement(RemoteWebDriver.java:402)
	at com.lighthouse.MavenTest.MyAccountPage.isLoginSuccessful(MyAccountPage.java:21)
	at com.lighthouse.MavenTest.LoginTest.testSuccesfulLogin(LoginTest.java:18)
</failure>
  </testcase>
  <testcase classname="com.lighthouse.MavenTest.LogOutTest" name="testSuccesfulLogOut" time="7.004"/>
  <testcase classname="com.lighthouse.MavenTest.MotorsTest" name="verifyMotorsTest" time="3.154"/>
</testsuite>