<?xml version="1.0" encoding="UTF-8"?>
<testng-results skipped="0" failed="1" ignored="0" total="5" passed="4">
  <reporter-output>
  </reporter-output>
  <suite name="TradeMe Automation" duration-ms="145975" started-at="2017-06-14T08:29:42Z" finished-at="2017-06-14T08:32:08Z">
    <groups>
    </groups>
    <test name="verifyHomeTest" duration-ms="23710" started-at="2017-06-14T08:29:42Z" finished-at="2017-06-14T08:30:05Z">
      <class name="com.lighthouse.MavenTest.HomePageTest">
        <test-method status="PASS" signature="beforeMethod()[pri:0, instance:com.lighthouse.MavenTest.HomePageTest@57fffcd7]" name="beforeMethod" is-config="true" duration-ms="23212" started-at="2017-06-14T20:29:42Z" finished-at="2017-06-14T20:30:05Z">
          <reporter-output>
          </reporter-output>
        </test-method> <!-- beforeMethod -->
        <test-method status="PASS" signature="verifyHomeTest()[pri:0, instance:com.lighthouse.MavenTest.HomePageTest@57fffcd7]" name="verifyHomeTest" duration-ms="201" started-at="2017-06-14T20:30:05Z" finished-at="2017-06-14T20:30:05Z">
          <reporter-output>
          </reporter-output>
        </test-method> <!-- verifyHomeTest -->
        <test-method status="PASS" signature="afterMethod()[pri:0, instance:com.lighthouse.MavenTest.HomePageTest@57fffcd7]" name="afterMethod" is-config="true" duration-ms="268" started-at="2017-06-14T20:30:05Z" finished-at="2017-06-14T20:30:05Z">
          <reporter-output>
          </reporter-output>
        </test-method> <!-- afterMethod -->
      </class> <!-- com.lighthouse.MavenTest.HomePageTest -->
    </test> <!-- verifyHomeTest -->
    <test name="testSuccesfulLogin" duration-ms="60438" started-at="2017-06-14T08:30:05Z" finished-at="2017-06-14T08:31:06Z">
      <class name="com.lighthouse.MavenTest.LoginTest">
        <test-method status="PASS" signature="beforeMethod()[pri:0, instance:com.lighthouse.MavenTest.LoginTest@5cb9f472]" name="beforeMethod" is-config="true" duration-ms="21149" started-at="2017-06-14T20:30:05Z" finished-at="2017-06-14T20:30:26Z">
          <reporter-output>
          </reporter-output>
        </test-method> <!-- beforeMethod -->
        <test-method status="PASS" signature="loginPageTest()[pri:0, instance:com.lighthouse.MavenTest.LoginTest@5cb9f472]" name="loginPageTest" duration-ms="7117" started-at="2017-06-14T20:30:26Z" finished-at="2017-06-14T20:30:34Z">
          <reporter-output>
          </reporter-output>
        </test-method> <!-- loginPageTest -->
        <test-method status="FAIL" signature="testSuccessfullLogin(java.lang.String, java.lang.String)[pri:0, instance:com.lighthouse.MavenTest.LoginTest@5cb9f472]" name="testSuccessfullLogin" duration-ms="30584" started-at="2017-06-14T20:30:35Z" data-provider="dataProvider" finished-at="2017-06-14T20:31:05Z">
          <params>
            <param index="0">
              <value>
                <![CDATA[sepiso.nyirenda@gmail.com]]>
              </value>
            </param>
            <param index="1">
              <value>
                <![CDATA[Nicole&2009]]>
              </value>
            </param>
          </params>
          <exception class="org.openqa.selenium.NoSuchElementException">
            <message>
              <![CDATA[Unable to locate element: .//*[@id='container']/div[1]/div[2]/div/p/a
For documentation on this error, please visit: http://seleniumhq.org/exceptions/no_such_element.html
Build info: version: '3.4.0', revision: 'unknown', time: 'unknown'
System info: host: 'DESKTOP-2S9LPQL', ip: '192.168.1.68', os.name: 'Windows 10', os.arch: 'amd64', os.version: '10.0', java.version: '1.8.0_131'
Driver info: org.openqa.selenium.firefox.FirefoxDriver
Capabilities [{moz:profile=C:\Users\DOLLYS~1\AppData\Local\Temp\rust_mozprofile.PR1RzZsMY7vf, rotatable=false, timeouts={implicit=0.0, pageLoad=300000.0, script=30000.0}, pageLoadStrategy=normal, platform=ANY, specificationLevel=0.0, moz:accessibilityChecks=false, acceptInsecureCerts=true, browserVersion=53.0.3, platformVersion=10.0, moz:processID=1864.0, browserName=firefox, javascriptEnabled=true, platformName=windows_nt}]
Session ID: fede4dbb-1e90-44e9-b6a6-56316a1cff04
*** Element info: {Using=xpath, value=.//*[@id='container']/div[1]/div[2]/div/p/a}]]>
            </message>
            <full-stacktrace>
              <![CDATA[org.openqa.selenium.NoSuchElementException: Unable to locate element: .//*[@id='container']/div[1]/div[2]/div/p/a
For documentation on this error, please visit: http://seleniumhq.org/exceptions/no_such_element.html
Build info: version: '3.4.0', revision: 'unknown', time: 'unknown'
System info: host: 'DESKTOP-2S9LPQL', ip: '192.168.1.68', os.name: 'Windows 10', os.arch: 'amd64', os.version: '10.0', java.version: '1.8.0_131'
Driver info: org.openqa.selenium.firefox.FirefoxDriver
Capabilities [{moz:profile=C:\Users\DOLLYS~1\AppData\Local\Temp\rust_mozprofile.PR1RzZsMY7vf, rotatable=false, timeouts={implicit=0.0, pageLoad=300000.0, script=30000.0}, pageLoadStrategy=normal, platform=ANY, specificationLevel=0.0, moz:accessibilityChecks=false, acceptInsecureCerts=true, browserVersion=53.0.3, platformVersion=10.0, moz:processID=1864.0, browserName=firefox, javascriptEnabled=true, platformName=windows_nt}]
Session ID: fede4dbb-1e90-44e9-b6a6-56316a1cff04
*** Element info: {Using=xpath, value=.//*[@id='container']/div[1]/div[2]/div/p/a}
	at sun.reflect.NativeConstructorAccessorImpl.newInstance0(Native Method)
	at sun.reflect.NativeConstructorAccessorImpl.newInstance(Unknown Source)
	at sun.reflect.DelegatingConstructorAccessorImpl.newInstance(Unknown Source)
	at java.lang.reflect.Constructor.newInstance(Unknown Source)
	at org.openqa.selenium.remote.http.W3CHttpResponseCodec.createException(W3CHttpResponseCodec.java:150)
	at org.openqa.selenium.remote.http.W3CHttpResponseCodec.decode(W3CHttpResponseCodec.java:115)
	at org.openqa.selenium.remote.http.W3CHttpResponseCodec.decode(W3CHttpResponseCodec.java:45)
	at org.openqa.selenium.remote.HttpCommandExecutor.execute(HttpCommandExecutor.java:164)
	at org.openqa.selenium.remote.service.DriverCommandExecutor.execute(DriverCommandExecutor.java:82)
	at org.openqa.selenium.remote.RemoteWebDriver.execute(RemoteWebDriver.java:637)
	at org.openqa.selenium.remote.RemoteWebDriver.findElement(RemoteWebDriver.java:410)
	at org.openqa.selenium.remote.RemoteWebDriver.findElementByXPath(RemoteWebDriver.java:509)
	at org.openqa.selenium.By$ByXPath.findElement(By.java:361)
	at org.openqa.selenium.remote.RemoteWebDriver.findElement(RemoteWebDriver.java:402)
	at com.lighthouse.MavenTest.MyAccountPage.isLoginSuccessful(MyAccountPage.java:21)
	at com.lighthouse.MavenTest.LoginTest.testSuccessfullLogin(LoginTest.java:30)
	at sun.reflect.NativeMethodAccessorImpl.invoke0(Native Method)
	at sun.reflect.NativeMethodAccessorImpl.invoke(Unknown Source)
	at sun.reflect.DelegatingMethodAccessorImpl.invoke(Unknown Source)
	at java.lang.reflect.Method.invoke(Unknown Source)
	at org.testng.internal.MethodInvocationHelper.invokeMethod(MethodInvocationHelper.java:108)
	at org.testng.internal.Invoker.invokeMethod(Invoker.java:661)
	at org.testng.internal.Invoker.invokeTestMethod(Invoker.java:869)
	at org.testng.internal.Invoker.invokeTestMethods(Invoker.java:1193)
	at org.testng.internal.TestMethodWorker.invokeTestMethods(TestMethodWorker.java:126)
	at org.testng.internal.TestMethodWorker.run(TestMethodWorker.java:109)
	at org.testng.TestRunner.privateRun(TestRunner.java:744)
	at org.testng.TestRunner.run(TestRunner.java:602)
	at org.testng.SuiteRunner.runTest(SuiteRunner.java:380)
	at org.testng.SuiteRunner.runSequentially(SuiteRunner.java:375)
	at org.testng.SuiteRunner.privateRun(SuiteRunner.java:340)
	at org.testng.SuiteRunner.run(SuiteRunner.java:289)
	at org.testng.SuiteRunnerWorker.runSuite(SuiteRunnerWorker.java:52)
	at org.testng.SuiteRunnerWorker.run(SuiteRunnerWorker.java:86)
	at org.testng.TestNG.runSuitesSequentially(TestNG.java:1301)
	at org.testng.TestNG.runSuitesLocally(TestNG.java:1226)
	at org.testng.TestNG.runSuites(TestNG.java:1144)
	at org.testng.TestNG.run(TestNG.java:1115)
	at org.testng.remote.AbstractRemoteTestNG.run(AbstractRemoteTestNG.java:132)
	at org.testng.remote.RemoteTestNG.initAndRun(RemoteTestNG.java:230)
	at org.testng.remote.RemoteTestNG.main(RemoteTestNG.java:76)
]]>
            </full-stacktrace>
          </exception> <!-- org.openqa.selenium.NoSuchElementException -->
          <reporter-output>
          </reporter-output>
        </test-method> <!-- testSuccessfullLogin -->
        <test-method status="PASS" signature="afterMethod()[pri:0, instance:com.lighthouse.MavenTest.LoginTest@5cb9f472]" name="afterMethod" is-config="true" duration-ms="454" started-at="2017-06-14T20:31:05Z" finished-at="2017-06-14T20:31:06Z">
          <reporter-output>
          </reporter-output>
        </test-method> <!-- afterMethod -->
      </class> <!-- com.lighthouse.MavenTest.LoginTest -->
    </test> <!-- testSuccesfulLogin -->
    <test name="Motors Test" duration-ms="37880" started-at="2017-06-14T08:31:06Z" finished-at="2017-06-14T08:31:44Z">
      <class name="com.lighthouse.MavenTest.MotorsTest">
        <test-method status="PASS" signature="beforeMethod()[pri:0, instance:com.lighthouse.MavenTest.MotorsTest@5702b3b1]" name="beforeMethod" is-config="true" duration-ms="29213" started-at="2017-06-14T20:31:06Z" finished-at="2017-06-14T20:31:35Z">
          <reporter-output>
          </reporter-output>
        </test-method> <!-- beforeMethod -->
        <test-method status="PASS" signature="verifyMotorsTest()[pri:0, instance:com.lighthouse.MavenTest.MotorsTest@5702b3b1]" name="verifyMotorsTest" duration-ms="8287" started-at="2017-06-14T20:31:35Z" finished-at="2017-06-14T20:31:43Z">
          <reporter-output>
          </reporter-output>
        </test-method> <!-- verifyMotorsTest -->
        <test-method status="PASS" signature="afterMethod()[pri:0, instance:com.lighthouse.MavenTest.MotorsTest@5702b3b1]" name="afterMethod" is-config="true" duration-ms="377" started-at="2017-06-14T20:31:43Z" finished-at="2017-06-14T20:31:44Z">
          <reporter-output>
          </reporter-output>
        </test-method> <!-- afterMethod -->
      </class> <!-- com.lighthouse.MavenTest.MotorsTest -->
    </test> <!-- Motors Test -->
    <test name="verifyCarsList" duration-ms="23893" started-at="2017-06-14T08:31:44Z" finished-at="2017-06-14T08:32:08Z">
      <class name="com.lighthouse.MavenTest.TestCarList">
        <test-method status="PASS" signature="beforeMethod()[pri:0, instance:com.lighthouse.MavenTest.TestCarList@6adede5]" name="beforeMethod" is-config="true" duration-ms="17612" started-at="2017-06-14T20:31:44Z" finished-at="2017-06-14T20:32:01Z">
          <reporter-output>
          </reporter-output>
        </test-method> <!-- beforeMethod -->
        <test-method status="PASS" signature="verifyCarsList()[pri:0, instance:com.lighthouse.MavenTest.TestCarList@6adede5]" name="verifyCarsList" duration-ms="5908" started-at="2017-06-14T20:32:01Z" finished-at="2017-06-14T20:32:07Z">
          <reporter-output>
          </reporter-output>
        </test-method> <!-- verifyCarsList -->
        <test-method status="PASS" signature="afterMethod()[pri:0, instance:com.lighthouse.MavenTest.TestCarList@6adede5]" name="afterMethod" is-config="true" duration-ms="371" started-at="2017-06-14T20:32:07Z" finished-at="2017-06-14T20:32:08Z">
          <reporter-output>
          </reporter-output>
        </test-method> <!-- afterMethod -->
      </class> <!-- com.lighthouse.MavenTest.TestCarList -->
    </test> <!-- verifyCarsList -->
  </suite> <!-- TradeMe Automation -->
</testng-results>
