<?xml version="1.0" encoding="UTF-8"?>
<testng-results skipped="0" failed="1" ignored="0" total="5" passed="4">
  <reporter-output>
  </reporter-output>
  <suite name="TradeMe Automation" duration-ms="109816" started-at="2017-06-13T08:18:15Z" finished-at="2017-06-13T08:20:05Z">
    <groups>
    </groups>
    <test name="verifyHomeTest" duration-ms="24191" started-at="2017-06-13T08:18:15Z" finished-at="2017-06-13T08:18:39Z">
      <class name="com.lighthouse.MavenTest.HomePageTest">
        <test-method status="PASS" signature="beforeMethod()[pri:0, instance:com.lighthouse.MavenTest.HomePageTest@57fffcd7]" name="beforeMethod" is-config="true" duration-ms="23621" started-at="2017-06-13T20:18:15Z" finished-at="2017-06-13T20:18:39Z">
          <reporter-output>
          </reporter-output>
        </test-method> <!-- beforeMethod -->
        <test-method status="PASS" signature="verifyHomeTest()[pri:0, instance:com.lighthouse.MavenTest.HomePageTest@57fffcd7]" name="verifyHomeTest" duration-ms="238" started-at="2017-06-13T20:18:39Z" finished-at="2017-06-13T20:18:39Z">
          <reporter-output>
          </reporter-output>
        </test-method> <!-- verifyHomeTest -->
        <test-method status="PASS" signature="afterMethod()[pri:0, instance:com.lighthouse.MavenTest.HomePageTest@57fffcd7]" name="afterMethod" is-config="true" duration-ms="301" started-at="2017-06-13T20:18:39Z" finished-at="2017-06-13T20:18:39Z">
          <reporter-output>
          </reporter-output>
        </test-method> <!-- afterMethod -->
      </class> <!-- com.lighthouse.MavenTest.HomePageTest -->
    </test> <!-- verifyHomeTest -->
    <test name="testSuccesfulLogin" duration-ms="49786" started-at="2017-06-13T08:18:39Z" finished-at="2017-06-13T08:19:29Z">
      <class name="com.lighthouse.MavenTest.LoginTest">
        <test-method status="PASS" signature="beforeMethod()[pri:0, instance:com.lighthouse.MavenTest.LoginTest@5cb9f472]" name="beforeMethod" is-config="true" duration-ms="14167" started-at="2017-06-13T20:18:39Z" finished-at="2017-06-13T20:18:53Z">
          <reporter-output>
          </reporter-output>
        </test-method> <!-- beforeMethod -->
        <test-method status="PASS" signature="loginPageTest()[pri:0, instance:com.lighthouse.MavenTest.LoginTest@5cb9f472]" name="loginPageTest" duration-ms="2977" started-at="2017-06-13T20:18:53Z" finished-at="2017-06-13T20:18:56Z">
          <reporter-output>
          </reporter-output>
        </test-method> <!-- loginPageTest -->
        <test-method status="FAIL" signature="testSuccessfullLogin(java.lang.String, java.lang.String)[pri:0, instance:com.lighthouse.MavenTest.LoginTest@5cb9f472]" name="testSuccessfullLogin" duration-ms="30931" started-at="2017-06-13T20:18:58Z" data-provider="dataProvider" finished-at="2017-06-13T20:19:29Z">
          <params>
            <param index="0">
              <value>
                <![CDATA[sepiso.nyirenda@gmail.com]]>
              </value>
            </param>
            <param index="1">
              <value>
                <![CDATA[Nicole&2009]]>
              </value>
            </param>
          </params>
          <exception class="org.openqa.selenium.NoSuchElementException">
            <message>
              <![CDATA[Unable to locate element: .//*[@id='container']/div[1]/div[1]/div[2]/div/p
For documentation on this error, please visit: http://seleniumhq.org/exceptions/no_such_element.html
Build info: version: '3.4.0', revision: 'unknown', time: 'unknown'
System info: host: 'DESKTOP-2S9LPQL', ip: '192.168.1.68', os.name: 'Windows 10', os.arch: 'amd64', os.version: '10.0', java.version: '1.8.0_131'
Driver info: org.openqa.selenium.firefox.FirefoxDriver
Capabilities [{moz:profile=C:\Users\DOLLYS~1\AppData\Local\Temp\rust_mozprofile.l9Cehh2cpo0N, rotatable=false, timeouts={implicit=0.0, pageLoad=300000.0, script=30000.0}, pageLoadStrategy=normal, platform=ANY, specificationLevel=0.0, moz:accessibilityChecks=false, acceptInsecureCerts=true, browserVersion=53.0.3, platformVersion=10.0, moz:processID=12868.0, browserName=firefox, javascriptEnabled=true, platformName=windows_nt}]
Session ID: 6f23c1e3-a314-4816-b15a-222a5412c9a3
*** Element info: {Using=xpath, value=.//*[@id='container']/div[1]/div[1]/div[2]/div/p}]]>
            </message>
            <full-stacktrace>
              <![CDATA[org.openqa.selenium.NoSuchElementException: Unable to locate element: .//*[@id='container']/div[1]/div[1]/div[2]/div/p
For documentation on this error, please visit: http://seleniumhq.org/exceptions/no_such_element.html
Build info: version: '3.4.0', revision: 'unknown', time: 'unknown'
System info: host: 'DESKTOP-2S9LPQL', ip: '192.168.1.68', os.name: 'Windows 10', os.arch: 'amd64', os.version: '10.0', java.version: '1.8.0_131'
Driver info: org.openqa.selenium.firefox.FirefoxDriver
Capabilities [{moz:profile=C:\Users\DOLLYS~1\AppData\Local\Temp\rust_mozprofile.l9Cehh2cpo0N, rotatable=false, timeouts={implicit=0.0, pageLoad=300000.0, script=30000.0}, pageLoadStrategy=normal, platform=ANY, specificationLevel=0.0, moz:accessibilityChecks=false, acceptInsecureCerts=true, browserVersion=53.0.3, platformVersion=10.0, moz:processID=12868.0, browserName=firefox, javascriptEnabled=true, platformName=windows_nt}]
Session ID: 6f23c1e3-a314-4816-b15a-222a5412c9a3
*** Element info: {Using=xpath, value=.//*[@id='container']/div[1]/div[1]/div[2]/div/p}
	at sun.reflect.NativeConstructorAccessorImpl.newInstance0(Native Method)
	at sun.reflect.NativeConstructorAccessorImpl.newInstance(Unknown Source)
	at sun.reflect.DelegatingConstructorAccessorImpl.newInstance(Unknown Source)
	at java.lang.reflect.Constructor.newInstance(Unknown Source)
	at org.openqa.selenium.remote.http.W3CHttpResponseCodec.createException(W3CHttpResponseCodec.java:150)
	at org.openqa.selenium.remote.http.W3CHttpResponseCodec.decode(W3CHttpResponseCodec.java:115)
	at org.openqa.selenium.remote.http.W3CHttpResponseCodec.decode(W3CHttpResponseCodec.java:45)
	at org.openqa.selenium.remote.HttpCommandExecutor.execute(HttpCommandExecutor.java:164)
	at org.openqa.selenium.remote.service.DriverCommandExecutor.execute(DriverCommandExecutor.java:82)
	at org.openqa.selenium.remote.RemoteWebDriver.execute(RemoteWebDriver.java:637)
	at org.openqa.selenium.remote.RemoteWebDriver.findElement(RemoteWebDriver.java:410)
	at org.openqa.selenium.remote.RemoteWebDriver.findElementByXPath(RemoteWebDriver.java:509)
	at org.openqa.selenium.By$ByXPath.findElement(By.java:361)
	at org.openqa.selenium.remote.RemoteWebDriver.findElement(RemoteWebDriver.java:402)
	at com.lighthouse.MavenTest.MyAccountPage.isLoginSuccessful(MyAccountPage.java:22)
	at com.lighthouse.MavenTest.LoginTest.testSuccessfullLogin(LoginTest.java:30)
	at sun.reflect.NativeMethodAccessorImpl.invoke0(Native Method)
	at sun.reflect.NativeMethodAccessorImpl.invoke(Unknown Source)
	at sun.reflect.DelegatingMethodAccessorImpl.invoke(Unknown Source)
	at java.lang.reflect.Method.invoke(Unknown Source)
	at org.testng.internal.MethodInvocationHelper.invokeMethod(MethodInvocationHelper.java:108)
	at org.testng.internal.Invoker.invokeMethod(Invoker.java:661)
	at org.testng.internal.Invoker.invokeTestMethod(Invoker.java:869)
	at org.testng.internal.Invoker.invokeTestMethods(Invoker.java:1193)
	at org.testng.internal.TestMethodWorker.invokeTestMethods(TestMethodWorker.java:126)
	at org.testng.internal.TestMethodWorker.run(TestMethodWorker.java:109)
	at org.testng.TestRunner.privateRun(TestRunner.java:744)
	at org.testng.TestRunner.run(TestRunner.java:602)
	at org.testng.SuiteRunner.runTest(SuiteRunner.java:380)
	at org.testng.SuiteRunner.runSequentially(SuiteRunner.java:375)
	at org.testng.SuiteRunner.privateRun(SuiteRunner.java:340)
	at org.testng.SuiteRunner.run(SuiteRunner.java:289)
	at org.testng.SuiteRunnerWorker.runSuite(SuiteRunnerWorker.java:52)
	at org.testng.SuiteRunnerWorker.run(SuiteRunnerWorker.java:86)
	at org.testng.TestNG.runSuitesSequentially(TestNG.java:1301)
	at org.testng.TestNG.runSuitesLocally(TestNG.java:1226)
	at org.testng.TestNG.runSuites(TestNG.java:1144)
	at org.testng.TestNG.run(TestNG.java:1115)
	at org.testng.remote.AbstractRemoteTestNG.run(AbstractRemoteTestNG.java:132)
	at org.testng.remote.RemoteTestNG.initAndRun(RemoteTestNG.java:230)
	at org.testng.remote.RemoteTestNG.main(RemoteTestNG.java:76)
]]>
            </full-stacktrace>
          </exception> <!-- org.openqa.selenium.NoSuchElementException -->
          <reporter-output>
          </reporter-output>
        </test-method> <!-- testSuccessfullLogin -->
        <test-method status="PASS" signature="afterMethod()[pri:0, instance:com.lighthouse.MavenTest.LoginTest@5cb9f472]" name="afterMethod" is-config="true" duration-ms="385" started-at="2017-06-13T20:19:29Z" finished-at="2017-06-13T20:19:29Z">
          <reporter-output>
          </reporter-output>
        </test-method> <!-- afterMethod -->
      </class> <!-- com.lighthouse.MavenTest.LoginTest -->
    </test> <!-- testSuccesfulLogin -->
    <test name="verifyMotorsTest" duration-ms="16472" started-at="2017-06-13T08:19:29Z" finished-at="2017-06-13T08:19:45Z">
      <class name="com.lighthouse.MavenTest.MotorsTest">
        <test-method status="PASS" signature="beforeMethod()[pri:0, instance:com.lighthouse.MavenTest.MotorsTest@5702b3b1]" name="beforeMethod" is-config="true" duration-ms="13260" started-at="2017-06-13T20:19:29Z" finished-at="2017-06-13T20:19:42Z">
          <reporter-output>
          </reporter-output>
        </test-method> <!-- beforeMethod -->
        <test-method status="PASS" signature="verifyMotorsTest()[pri:0, instance:com.lighthouse.MavenTest.MotorsTest@5702b3b1]" name="verifyMotorsTest" duration-ms="2653" started-at="2017-06-13T20:19:42Z" finished-at="2017-06-13T20:19:45Z">
          <reporter-output>
          </reporter-output>
        </test-method> <!-- verifyMotorsTest -->
        <test-method status="PASS" signature="afterMethod()[pri:0, instance:com.lighthouse.MavenTest.MotorsTest@5702b3b1]" name="afterMethod" is-config="true" duration-ms="558" started-at="2017-06-13T20:19:45Z" finished-at="2017-06-13T20:19:45Z">
          <reporter-output>
          </reporter-output>
        </test-method> <!-- afterMethod -->
      </class> <!-- com.lighthouse.MavenTest.MotorsTest -->
    </test> <!-- verifyMotorsTest -->
    <test name="testSuccesfulLogOut" duration-ms="19305" started-at="2017-06-13T08:19:45Z" finished-at="2017-06-13T08:20:05Z">
      <class name="com.lighthouse.MavenTest.LogOutTest">
        <test-method status="PASS" signature="beforeMethod()[pri:0, instance:com.lighthouse.MavenTest.LogOutTest@6adede5]" name="beforeMethod" is-config="true" duration-ms="12597" started-at="2017-06-13T20:19:45Z" finished-at="2017-06-13T20:19:58Z">
          <reporter-output>
          </reporter-output>
        </test-method> <!-- beforeMethod -->
        <test-method status="PASS" signature="testSuccesfulLogOut()[pri:0, instance:com.lighthouse.MavenTest.LogOutTest@6adede5]" name="testSuccesfulLogOut" duration-ms="6323" started-at="2017-06-13T20:19:58Z" finished-at="2017-06-13T20:20:04Z">
          <reporter-output>
          </reporter-output>
        </test-method> <!-- testSuccesfulLogOut -->
        <test-method status="PASS" signature="afterMethod()[pri:0, instance:com.lighthouse.MavenTest.LogOutTest@6adede5]" name="afterMethod" is-config="true" duration-ms="381" started-at="2017-06-13T20:20:04Z" finished-at="2017-06-13T20:20:05Z">
          <reporter-output>
          </reporter-output>
        </test-method> <!-- afterMethod -->
      </class> <!-- com.lighthouse.MavenTest.LogOutTest -->
    </test> <!-- testSuccesfulLogOut -->
  </suite> <!-- TradeMe Automation -->
</testng-results>
